<?xml version="1.0" encoding="UTF-8"?>
<testsuite name="agh.ics.oop.SimulationStatsTest" tests="1" skipped="0" failures="0" errors="0" timestamp="2021-12-27T16:32:02" hostname="LAPTOP-P9AVKL9O" time="0.07">
  <properties/>
  <testcase name="statsTest()" classname="agh.ics.oop.SimulationStatsTest" time="0.07"/>
  <system-out><![CDATA[1 : [I@34cfa695
]]></system-out>
  <system-err><![CDATA[]]></system-err>
</testsuite>
